2021-06-09 22:01:37  [ main:0 ] - [ DEBUG ]  Using Log4J as the default logging framework
2021-06-09 22:01:37  [ main:7 ] - [ DEBUG ]  -Dio.netty.eventLoopThreads: 16
2021-06-09 22:01:38  [ main:41 ] - [ DEBUG ]  Platform: Windows
2021-06-09 22:01:38  [ main:48 ] - [ DEBUG ]  -Dio.netty.noUnsafe: false
2021-06-09 22:01:38  [ main:49 ] - [ DEBUG ]  Java version: 14
2021-06-09 22:01:38  [ main:51 ] - [ DEBUG ]  sun.misc.Unsafe.theUnsafe: available
2021-06-09 22:01:38  [ main:52 ] - [ DEBUG ]  sun.misc.Unsafe.copyMemory: available
2021-06-09 22:01:38  [ main:53 ] - [ DEBUG ]  java.nio.Buffer.address: available
2021-06-09 22:01:38  [ main:54 ] - [ DEBUG ]  direct buffer constructor: available
2021-06-09 22:01:38  [ main:55 ] - [ DEBUG ]  java.nio.Bits.unaligned: available, true
2021-06-09 22:01:38  [ main:57 ] - [ DEBUG ]  jdk.internal.misc.Unsafe.allocateUninitializedArray(int): unavailable
java.lang.IllegalAccessException: class io.netty.util.internal.PlatformDependent0$6 cannot access class jdk.internal.misc.Unsafe (in module java.base) because module java.base does not export jdk.internal.misc to unnamed module @337d0578
	at java.base/jdk.internal.reflect.Reflection.newIllegalAccessException(Reflection.java:376)
	at java.base/java.lang.reflect.AccessibleObject.checkAccess(AccessibleObject.java:647)
	at java.base/java.lang.reflect.Method.invoke(Method.java:556)
	at io.netty.util.internal.PlatformDependent0$6.run(PlatformDependent0.java:312)
	at java.base/java.security.AccessController.doPrivileged(AccessController.java:312)
	at io.netty.util.internal.PlatformDependent0.<clinit>(PlatformDependent0.java:303)
	at io.netty.util.internal.PlatformDependent.isAndroid(PlatformDependent.java:208)
	at io.netty.util.internal.PlatformDependent.<clinit>(PlatformDependent.java:79)
	at io.netty.util.ConstantPool.<init>(ConstantPool.java:32)
	at io.netty.util.Signal$1.<init>(Signal.java:27)
	at io.netty.util.Signal.<clinit>(Signal.java:27)
	at io.netty.util.concurrent.DefaultPromise.<clinit>(DefaultPromise.java:43)
	at io.netty.util.concurrent.MultithreadEventExecutorGroup.<init>(MultithreadEventExecutorGroup.java:36)
	at io.netty.util.concurrent.MultithreadEventExecutorGroup.<init>(MultithreadEventExecutorGroup.java:58)
	at io.netty.channel.MultithreadEventLoopGroup.<init>(MultithreadEventLoopGroup.java:52)
	at io.netty.channel.nio.NioEventLoopGroup.<init>(NioEventLoopGroup.java:87)
	at io.netty.channel.nio.NioEventLoopGroup.<init>(NioEventLoopGroup.java:82)
	at io.netty.channel.nio.NioEventLoopGroup.<init>(NioEventLoopGroup.java:63)
	at io.netty.channel.nio.NioEventLoopGroup.<init>(NioEventLoopGroup.java:51)
	at io.netty.channel.nio.NioEventLoopGroup.<init>(NioEventLoopGroup.java:43)
	at ASserver.server.bind(server.java:19)
	at ASserver.serverMain.main(serverMain.java:6)
2021-06-09 22:01:38  [ main:60 ] - [ DEBUG ]  java.nio.DirectByteBuffer.<init>(long, int): available
2021-06-09 22:01:38  [ main:60 ] - [ DEBUG ]  sun.misc.Unsafe: available
2021-06-09 22:01:38  [ main:73 ] - [ DEBUG ]  maxDirectMemory: 2111832064 bytes (maybe)
2021-06-09 22:01:38  [ main:74 ] - [ DEBUG ]  -Dio.netty.tmpdir: C:\WINDOWS\TEMP (java.io.tmpdir)
2021-06-09 22:01:38  [ main:74 ] - [ DEBUG ]  -Dio.netty.bitMode: 64 (sun.arch.data.model)
2021-06-09 22:01:38  [ main:76 ] - [ DEBUG ]  -Dio.netty.noPreferDirect: false
2021-06-09 22:01:38  [ main:77 ] - [ DEBUG ]  maxDirectMemory: 2111832064 bytes (maybe)
2021-06-09 22:01:38  [ main:77 ] - [ DEBUG ]  -Dio.netty.maxDirectMemory: 2111832064 bytes
2021-06-09 22:01:38  [ main:77 ] - [ DEBUG ]  -Dio.netty.uninitializedArrayAllocationThreshold: -1
2021-06-09 22:01:38  [ main:78 ] - [ DEBUG ]  java.nio.ByteBuffer.cleaner(): available
2021-06-09 22:01:38  [ main:97 ] - [ DEBUG ]  -Dio.netty.noKeySetOptimization: false
2021-06-09 22:01:38  [ main:98 ] - [ DEBUG ]  -Dio.netty.selectorAutoRebuildThreshold: 512
2021-06-09 22:01:38  [ main:105 ] - [ DEBUG ]  org.jctools-core.MpscChunkedArrayQueue: available
2021-06-09 22:01:38  [ main:338 ] - [ DEBUG ]  -Dio.netty.processId: 21360 (auto-detected)
2021-06-09 22:01:38  [ main:341 ] - [ DEBUG ]  -Djava.net.preferIPv4Stack: false
2021-06-09 22:01:38  [ main:342 ] - [ DEBUG ]  -Djava.net.preferIPv6Addresses: false
2021-06-09 22:01:38  [ main:362 ] - [ DEBUG ]  Loopback interface: lo (Software Loopback Interface 1, 127.0.0.1)
2021-06-09 22:01:38  [ main:363 ] - [ DEBUG ]  Failed to get SOMAXCONN from sysctl and file \proc\sys\net\core\somaxconn. Default: 200
2021-06-09 22:01:38  [ main:437 ] - [ DEBUG ]  -Dio.netty.machineId: 00:50:56:ff:fe:c0:00:08 (auto-detected)
2021-06-09 22:01:38  [ main:443 ] - [ DEBUG ]  -Dio.netty.threadLocalMap.stringBuilder.initialSize: 1024
2021-06-09 22:01:38  [ main:443 ] - [ DEBUG ]  -Dio.netty.threadLocalMap.stringBuilder.maxSize: 4096
2021-06-09 22:01:38  [ main:453 ] - [ DEBUG ]  -Dio.netty.leakDetection.level: simple
2021-06-09 22:01:38  [ main:453 ] - [ DEBUG ]  -Dio.netty.leakDetection.targetRecords: 4
2021-06-09 22:01:38  [ main:489 ] - [ DEBUG ]  -Dio.netty.allocator.numHeapArenas: 16
2021-06-09 22:01:38  [ main:489 ] - [ DEBUG ]  -Dio.netty.allocator.numDirectArenas: 16
2021-06-09 22:01:38  [ main:489 ] - [ DEBUG ]  -Dio.netty.allocator.pageSize: 8192
2021-06-09 22:01:38  [ main:489 ] - [ DEBUG ]  -Dio.netty.allocator.maxOrder: 11
2021-06-09 22:01:38  [ main:489 ] - [ DEBUG ]  -Dio.netty.allocator.chunkSize: 16777216
2021-06-09 22:01:38  [ main:490 ] - [ DEBUG ]  -Dio.netty.allocator.tinyCacheSize: 512
2021-06-09 22:01:38  [ main:490 ] - [ DEBUG ]  -Dio.netty.allocator.smallCacheSize: 256
2021-06-09 22:01:38  [ main:490 ] - [ DEBUG ]  -Dio.netty.allocator.normalCacheSize: 64
2021-06-09 22:01:38  [ main:490 ] - [ DEBUG ]  -Dio.netty.allocator.maxCachedBufferCapacity: 32768
2021-06-09 22:01:38  [ main:490 ] - [ DEBUG ]  -Dio.netty.allocator.cacheTrimInterval: 8192
2021-06-09 22:01:38  [ main:490 ] - [ DEBUG ]  -Dio.netty.allocator.useCacheForAllThreads: true
2021-06-09 22:01:38  [ main:503 ] - [ DEBUG ]  -Dio.netty.allocator.type: pooled
2021-06-09 22:01:38  [ main:503 ] - [ DEBUG ]  -Dio.netty.threadLocalDirectBufferSize: 65536
2021-06-09 22:01:38  [ main:503 ] - [ DEBUG ]  -Dio.netty.maxThreadLocalCharBufferSize: 16384
2021-06-09 22:06:27  [ nioEventLoopGroup-3-1:289167 ] - [ DEBUG ]  -Dio.netty.recycler.maxCapacityPerThread: 32768
2021-06-09 22:06:27  [ nioEventLoopGroup-3-1:289168 ] - [ DEBUG ]  -Dio.netty.recycler.maxSharedCapacityFactor: 2
2021-06-09 22:06:27  [ nioEventLoopGroup-3-1:289168 ] - [ DEBUG ]  -Dio.netty.recycler.linkCapacity: 16
2021-06-09 22:06:27  [ nioEventLoopGroup-3-1:289168 ] - [ DEBUG ]  -Dio.netty.recycler.ratio: 8
2021-06-09 22:06:27  [ nioEventLoopGroup-3-1:289178 ] - [ DEBUG ]  -Dio.netty.buffer.bytebuf.checkAccessible: true
2021-06-09 22:06:27  [ nioEventLoopGroup-3-1:289180 ] - [ DEBUG ]  Loaded default ResourceLeakDetector: io.netty.util.ResourceLeakDetector@491d7f45
2021-06-09 22:06:27  [ nioEventLoopGroup-3-1:289189 ] - [ INFO ]  接收到报文Head:[P2P:0 Type:1 State:0 UnCode:-1 Length:0]
2021-06-09 22:06:27  [ nioEventLoopGroup-3-1:289453 ] - [ INFO ]  接收到报文Head:[P2P:0 Type:2 State:0 UnCode:-1 Length:128]
2021-06-09 22:08:15  [ nioEventLoopGroup-3-2:397657 ] - [ INFO ]  接收到报文Head:[P2P:0 Type:1 State:0 UnCode:-1 Length:0]
2021-06-09 22:09:13  [ nioEventLoopGroup-3-3:455315 ] - [ INFO ]  接收到报文Head:[P2P:0 Type:1 State:0 UnCode:-1 Length:0]
2021-06-09 22:10:12  [ nioEventLoopGroup-3-3:514507 ] - [ INFO ]  接收到报文Head:[P2P:0 Type:2 State:0 UnCode:-1 Length:128]
2021-06-09 22:11:12  [ nioEventLoopGroup-3-4:574458 ] - [ INFO ]  接收到报文Head:[P2P:0 Type:1 State:0 UnCode:-1 Length:0]
2021-06-09 22:11:12  [ nioEventLoopGroup-3-4:574569 ] - [ INFO ]  接收到报文Head:[P2P:0 Type:2 State:0 UnCode:-1 Length:128]
2021-06-09 22:13:27  [ nioEventLoopGroup-3-5:709963 ] - [ INFO ]  接收到报文Head:[P2P:0 Type:1 State:0 UnCode:-1 Length:0]
2021-06-09 22:13:28  [ nioEventLoopGroup-3-5:710088 ] - [ INFO ]  接收到报文Head:[P2P:0 Type:2 State:0 UnCode:-1 Length:128]
2021-06-09 22:17:59  [ nioEventLoopGroup-3-6:981038 ] - [ INFO ]  接收到报文Head:[P2P:0 Type:1 State:0 UnCode:-1 Length:0]
2021-06-09 22:17:59  [ nioEventLoopGroup-3-6:981184 ] - [ INFO ]  接收到报文Head:[P2P:0 Type:2 State:0 UnCode:-1 Length:128]
2021-06-09 22:33:53  [ nioEventLoopGroup-3-7:1935503 ] - [ INFO ]  接收到报文Head:[P2P:0 Type:1 State:0 UnCode:-1 Length:0]
2021-06-09 22:33:53  [ nioEventLoopGroup-3-7:1935628 ] - [ INFO ]  接收到报文Head:[P2P:0 Type:2 State:0 UnCode:-1 Length:129]
2021-06-09 22:37:00  [ nioEventLoopGroup-3-8:2122534 ] - [ INFO ]  接收到报文Head:[P2P:0 Type:1 State:0 UnCode:-1 Length:0]
2021-06-09 22:37:00  [ nioEventLoopGroup-3-8:2122645 ] - [ INFO ]  接收到报文Head:[P2P:0 Type:2 State:0 UnCode:-1 Length:129]
2021-06-09 22:38:52  [ nioEventLoopGroup-3-9:2234900 ] - [ INFO ]  接收到报文Head:[P2P:0 Type:1 State:0 UnCode:-1 Length:0]
2021-06-09 22:38:53  [ nioEventLoopGroup-3-9:2235037 ] - [ INFO ]  接收到报文Head:[P2P:0 Type:2 State:0 UnCode:-1 Length:128]
2021-06-09 22:47:44  [ nioEventLoopGroup-3-10:2766983 ] - [ INFO ]  接收到报文Head:[P2P:0 Type:1 State:0 UnCode:-1 Length:0]
2021-06-09 22:47:45  [ nioEventLoopGroup-3-10:2767096 ] - [ INFO ]  接收到报文Head:[P2P:0 Type:2 State:0 UnCode:-1 Length:128]
2021-06-09 22:48:15  [ nioEventLoopGroup-3-10:2797074 ] - [ INFO ]  接收到报文Head:[P2P:0 Type:4 State:0 UnCode:-1 Length:0]
2021-06-09 22:48:15  [ nioEventLoopGroup-3-10:2797074 ] - [ INFO ]  客户端取消注册
2021-06-09 22:48:47  [ nioEventLoopGroup-3-11:2829568 ] - [ INFO ]  接收到报文Head:[P2P:0 Type:1 State:0 UnCode:-1 Length:0]
2021-06-09 22:48:47  [ nioEventLoopGroup-3-11:2829676 ] - [ INFO ]  接收到报文Head:[P2P:0 Type:2 State:0 UnCode:-1 Length:129]
2021-06-09 22:48:48  [ nioEventLoopGroup-3-11:2830411 ] - [ INFO ]  接收到报文Head:[P2P:0 Type:4 State:0 UnCode:-1 Length:0]
2021-06-09 22:48:48  [ nioEventLoopGroup-3-11:2830412 ] - [ INFO ]  客户端取消注册
2021-06-09 22:48:49  [ nioEventLoopGroup-3-12:2831320 ] - [ INFO ]  接收到报文Head:[P2P:0 Type:1 State:0 UnCode:-1 Length:0]
2021-06-09 22:48:49  [ nioEventLoopGroup-3-12:2831322 ] - [ INFO ]  接收到报文Head:[P2P:0 Type:2 State:0 UnCode:-1 Length:128]
2021-06-09 22:48:50  [ nioEventLoopGroup-3-12:2832075 ] - [ INFO ]  接收到报文Head:[P2P:0 Type:4 State:0 UnCode:-1 Length:0]
2021-06-09 22:48:50  [ nioEventLoopGroup-3-12:2832075 ] - [ INFO ]  客户端取消注册
2021-06-09 22:50:26  [ nioEventLoopGroup-3-13:2928602 ] - [ INFO ]  接收到报文Head:[P2P:0 Type:1 State:0 UnCode:-1 Length:0]
2021-06-09 22:50:26  [ nioEventLoopGroup-3-13:2928711 ] - [ INFO ]  接收到报文Head:[P2P:0 Type:2 State:0 UnCode:-1 Length:128]
2021-06-09 22:50:27  [ nioEventLoopGroup-3-13:2929602 ] - [ INFO ]  接收到报文Head:[P2P:0 Type:4 State:0 UnCode:-1 Length:0]
2021-06-09 22:50:27  [ nioEventLoopGroup-3-13:2929602 ] - [ INFO ]  客户端取消注册
2021-06-09 22:50:28  [ nioEventLoopGroup-3-14:2930238 ] - [ INFO ]  接收到报文Head:[P2P:0 Type:1 State:0 UnCode:-1 Length:0]
2021-06-09 22:50:28  [ nioEventLoopGroup-3-14:2930240 ] - [ INFO ]  接收到报文Head:[P2P:0 Type:2 State:0 UnCode:-1 Length:128]
2021-06-09 22:50:28  [ nioEventLoopGroup-3-14:2930804 ] - [ INFO ]  接收到报文Head:[P2P:0 Type:4 State:0 UnCode:-1 Length:0]
2021-06-09 22:50:28  [ nioEventLoopGroup-3-14:2930805 ] - [ INFO ]  客户端取消注册
2021-06-09 22:50:29  [ nioEventLoopGroup-3-15:2931267 ] - [ INFO ]  接收到报文Head:[P2P:0 Type:1 State:0 UnCode:-1 Length:0]
2021-06-09 22:50:29  [ nioEventLoopGroup-3-15:2931269 ] - [ INFO ]  接收到报文Head:[P2P:0 Type:2 State:0 UnCode:-1 Length:128]
2021-06-09 22:50:29  [ nioEventLoopGroup-3-15:2931749 ] - [ INFO ]  接收到报文Head:[P2P:0 Type:4 State:0 UnCode:-1 Length:0]
2021-06-09 22:50:29  [ nioEventLoopGroup-3-15:2931750 ] - [ INFO ]  客户端取消注册
2021-06-09 22:50:30  [ nioEventLoopGroup-3-16:2932056 ] - [ INFO ]  接收到报文Head:[P2P:0 Type:1 State:0 UnCode:-1 Length:0]
2021-06-09 22:50:30  [ nioEventLoopGroup-3-16:2932058 ] - [ INFO ]  接收到报文Head:[P2P:0 Type:2 State:0 UnCode:-1 Length:128]
2021-06-09 22:50:30  [ nioEventLoopGroup-3-16:2932493 ] - [ INFO ]  接收到报文Head:[P2P:0 Type:4 State:0 UnCode:-1 Length:0]
2021-06-09 22:50:30  [ nioEventLoopGroup-3-16:2932493 ] - [ INFO ]  客户端取消注册
2021-06-09 22:50:30  [ nioEventLoopGroup-3-1:2932713 ] - [ INFO ]  接收到报文Head:[P2P:0 Type:1 State:0 UnCode:-1 Length:0]
2021-06-09 22:50:30  [ nioEventLoopGroup-3-1:2932715 ] - [ INFO ]  接收到报文Head:[P2P:0 Type:2 State:0 UnCode:-1 Length:128]
2021-06-09 22:50:31  [ nioEventLoopGroup-3-1:2933091 ] - [ INFO ]  接收到报文Head:[P2P:0 Type:4 State:0 UnCode:-1 Length:0]
2021-06-09 22:50:31  [ nioEventLoopGroup-3-1:2933092 ] - [ INFO ]  客户端取消注册
2021-06-09 22:50:31  [ nioEventLoopGroup-3-2:2933300 ] - [ INFO ]  接收到报文Head:[P2P:0 Type:1 State:0 UnCode:-1 Length:0]
2021-06-09 22:50:31  [ nioEventLoopGroup-3-2:2933302 ] - [ INFO ]  接收到报文Head:[P2P:0 Type:2 State:0 UnCode:-1 Length:128]
2021-06-09 22:50:31  [ nioEventLoopGroup-3-2:2933634 ] - [ INFO ]  接收到报文Head:[P2P:0 Type:4 State:0 UnCode:-1 Length:0]
2021-06-09 22:50:31  [ nioEventLoopGroup-3-2:2933635 ] - [ INFO ]  客户端取消注册
2021-06-09 22:50:31  [ nioEventLoopGroup-3-3:2933813 ] - [ INFO ]  接收到报文Head:[P2P:0 Type:1 State:0 UnCode:-1 Length:0]
2021-06-09 22:50:31  [ nioEventLoopGroup-3-3:2933815 ] - [ INFO ]  接收到报文Head:[P2P:0 Type:2 State:0 UnCode:-1 Length:128]
2021-06-09 22:50:32  [ nioEventLoopGroup-3-3:2934132 ] - [ INFO ]  接收到报文Head:[P2P:0 Type:4 State:0 UnCode:-1 Length:0]
2021-06-09 22:50:32  [ nioEventLoopGroup-3-3:2934132 ] - [ INFO ]  客户端取消注册
2021-06-09 22:50:32  [ nioEventLoopGroup-3-4:2934305 ] - [ INFO ]  接收到报文Head:[P2P:0 Type:1 State:0 UnCode:-1 Length:0]
2021-06-09 22:50:32  [ nioEventLoopGroup-3-4:2934307 ] - [ INFO ]  接收到报文Head:[P2P:0 Type:2 State:0 UnCode:-1 Length:128]
2021-06-09 22:50:32  [ nioEventLoopGroup-3-4:2934596 ] - [ INFO ]  接收到报文Head:[P2P:0 Type:4 State:0 UnCode:-1 Length:0]
2021-06-09 22:50:32  [ nioEventLoopGroup-3-4:2934597 ] - [ INFO ]  客户端取消注册
2021-06-09 22:50:32  [ nioEventLoopGroup-3-5:2934791 ] - [ INFO ]  接收到报文Head:[P2P:0 Type:1 State:0 UnCode:-1 Length:0]
2021-06-09 22:50:32  [ nioEventLoopGroup-3-5:2934793 ] - [ INFO ]  接收到报文Head:[P2P:0 Type:2 State:0 UnCode:-1 Length:128]
2021-06-09 22:50:33  [ nioEventLoopGroup-3-5:2935092 ] - [ INFO ]  接收到报文Head:[P2P:0 Type:4 State:0 UnCode:-1 Length:0]
2021-06-09 22:50:33  [ nioEventLoopGroup-3-5:2935092 ] - [ INFO ]  客户端取消注册
2021-06-09 22:50:33  [ nioEventLoopGroup-3-6:2935268 ] - [ INFO ]  接收到报文Head:[P2P:0 Type:1 State:0 UnCode:-1 Length:0]
2021-06-09 22:50:33  [ nioEventLoopGroup-3-6:2935270 ] - [ INFO ]  接收到报文Head:[P2P:0 Type:2 State:0 UnCode:-1 Length:128]
2021-06-09 22:50:33  [ nioEventLoopGroup-3-6:2935626 ] - [ INFO ]  接收到报文Head:[P2P:0 Type:4 State:0 UnCode:-1 Length:0]
2021-06-09 22:50:33  [ nioEventLoopGroup-3-6:2935626 ] - [ INFO ]  客户端取消注册
2021-06-09 22:50:33  [ nioEventLoopGroup-3-7:2935841 ] - [ INFO ]  接收到报文Head:[P2P:0 Type:1 State:0 UnCode:-1 Length:0]
2021-06-09 22:50:33  [ nioEventLoopGroup-3-7:2935843 ] - [ INFO ]  接收到报文Head:[P2P:0 Type:2 State:0 UnCode:-1 Length:128]
2021-06-09 22:50:34  [ nioEventLoopGroup-3-7:2936498 ] - [ INFO ]  接收到报文Head:[P2P:0 Type:4 State:0 UnCode:-1 Length:0]
2021-06-09 22:50:34  [ nioEventLoopGroup-3-7:2936498 ] - [ INFO ]  客户端取消注册
2021-06-09 22:50:34  [ nioEventLoopGroup-3-8:2936833 ] - [ INFO ]  接收到报文Head:[P2P:0 Type:1 State:0 UnCode:-1 Length:0]
2021-06-09 22:50:34  [ nioEventLoopGroup-3-8:2936835 ] - [ INFO ]  接收到报文Head:[P2P:0 Type:2 State:0 UnCode:-1 Length:128]
2021-06-09 22:50:35  [ nioEventLoopGroup-3-8:2937172 ] - [ INFO ]  接收到报文Head:[P2P:0 Type:4 State:0 UnCode:-1 Length:0]
2021-06-09 22:50:35  [ nioEventLoopGroup-3-8:2937173 ] - [ INFO ]  客户端取消注册
2021-06-09 22:51:52  [ nioEventLoopGroup-3-9:3014724 ] - [ INFO ]  接收到报文Head:[P2P:0 Type:0 State:0 UnCode:-1 Length:33]
2021-06-09 22:51:53  [ nioEventLoopGroup-3-9:3015161 ] - [ INFO ]  用户lzh开始进行验证
2021-06-09 22:51:58  [ nioEventLoopGroup-3-9:3020612 ] - [ INFO ]  用户lzh验证成功
2021-06-09 22:52:28  [ main:0 ] - [ DEBUG ]  Using Log4J as the default logging framework
2021-06-09 22:52:28  [ main:6 ] - [ DEBUG ]  -Dio.netty.eventLoopThreads: 16
2021-06-09 22:52:28  [ main:40 ] - [ DEBUG ]  Platform: Windows
2021-06-09 22:52:28  [ main:44 ] - [ DEBUG ]  -Dio.netty.noUnsafe: false
2021-06-09 22:52:28  [ main:44 ] - [ DEBUG ]  Java version: 14
2021-06-09 22:52:28  [ main:46 ] - [ DEBUG ]  sun.misc.Unsafe.theUnsafe: available
2021-06-09 22:52:28  [ main:47 ] - [ DEBUG ]  sun.misc.Unsafe.copyMemory: available
2021-06-09 22:52:28  [ main:49 ] - [ DEBUG ]  java.nio.Buffer.address: available
2021-06-09 22:52:28  [ main:51 ] - [ DEBUG ]  direct buffer constructor: available
2021-06-09 22:52:28  [ main:52 ] - [ DEBUG ]  java.nio.Bits.unaligned: available, true
2021-06-09 22:52:28  [ main:55 ] - [ DEBUG ]  jdk.internal.misc.Unsafe.allocateUninitializedArray(int): unavailable
java.lang.IllegalAccessException: class io.netty.util.internal.PlatformDependent0$6 cannot access class jdk.internal.misc.Unsafe (in module java.base) because module java.base does not export jdk.internal.misc to unnamed module @7ca48474
	at java.base/jdk.internal.reflect.Reflection.newIllegalAccessException(Reflection.java:376)
	at java.base/java.lang.reflect.AccessibleObject.checkAccess(AccessibleObject.java:647)
	at java.base/java.lang.reflect.Method.invoke(Method.java:556)
	at io.netty.util.internal.PlatformDependent0$6.run(PlatformDependent0.java:312)
	at java.base/java.security.AccessController.doPrivileged(AccessController.java:312)
	at io.netty.util.internal.PlatformDependent0.<clinit>(PlatformDependent0.java:303)
	at io.netty.util.internal.PlatformDependent.isAndroid(PlatformDependent.java:208)
	at io.netty.util.internal.PlatformDependent.<clinit>(PlatformDependent.java:79)
	at io.netty.util.ConstantPool.<init>(ConstantPool.java:32)
	at io.netty.util.Signal$1.<init>(Signal.java:27)
	at io.netty.util.Signal.<clinit>(Signal.java:27)
	at io.netty.util.concurrent.DefaultPromise.<clinit>(DefaultPromise.java:43)
	at io.netty.util.concurrent.MultithreadEventExecutorGroup.<init>(MultithreadEventExecutorGroup.java:36)
	at io.netty.util.concurrent.MultithreadEventExecutorGroup.<init>(MultithreadEventExecutorGroup.java:58)
	at io.netty.channel.MultithreadEventLoopGroup.<init>(MultithreadEventLoopGroup.java:52)
	at io.netty.channel.nio.NioEventLoopGroup.<init>(NioEventLoopGroup.java:87)
	at io.netty.channel.nio.NioEventLoopGroup.<init>(NioEventLoopGroup.java:82)
	at io.netty.channel.nio.NioEventLoopGroup.<init>(NioEventLoopGroup.java:63)
	at io.netty.channel.nio.NioEventLoopGroup.<init>(NioEventLoopGroup.java:51)
	at io.netty.channel.nio.NioEventLoopGroup.<init>(NioEventLoopGroup.java:43)
	at TGSserver.serverTGS.bind(serverTGS.java:19)
	at TGSserver.serverMain.main(serverMain.java:7)
2021-06-09 22:52:28  [ main:58 ] - [ DEBUG ]  java.nio.DirectByteBuffer.<init>(long, int): available
2021-06-09 22:52:28  [ main:58 ] - [ DEBUG ]  sun.misc.Unsafe: available
2021-06-09 22:52:28  [ main:76 ] - [ DEBUG ]  maxDirectMemory: 2111832064 bytes (maybe)
2021-06-09 22:52:29  [ main:1430 ] - [ DEBUG ]  -Dio.netty.tmpdir: C:\WINDOWS\TEMP (java.io.tmpdir)
2021-06-09 22:52:29  [ main:1430 ] - [ DEBUG ]  -Dio.netty.bitMode: 64 (sun.arch.data.model)
2021-06-09 22:52:29  [ main:1432 ] - [ DEBUG ]  -Dio.netty.noPreferDirect: false
2021-06-09 22:52:29  [ main:1432 ] - [ DEBUG ]  maxDirectMemory: 2111832064 bytes (maybe)
2021-06-09 22:52:29  [ main:1433 ] - [ DEBUG ]  -Dio.netty.maxDirectMemory: 2111832064 bytes
2021-06-09 22:52:29  [ main:1433 ] - [ DEBUG ]  -Dio.netty.uninitializedArrayAllocationThreshold: -1
2021-06-09 22:52:29  [ main:1433 ] - [ DEBUG ]  java.nio.ByteBuffer.cleaner(): available
2021-06-09 22:52:29  [ main:1455 ] - [ DEBUG ]  -Dio.netty.noKeySetOptimization: false
2021-06-09 22:52:29  [ main:1456 ] - [ DEBUG ]  -Dio.netty.selectorAutoRebuildThreshold: 512
2021-06-09 22:52:29  [ main:1464 ] - [ DEBUG ]  org.jctools-core.MpscChunkedArrayQueue: available
2021-06-09 22:52:30  [ main:1875 ] - [ DEBUG ]  -Dio.netty.processId: 22812 (auto-detected)
2021-06-09 22:52:30  [ main:1881 ] - [ DEBUG ]  -Djava.net.preferIPv4Stack: false
2021-06-09 22:52:30  [ main:1881 ] - [ DEBUG ]  -Djava.net.preferIPv6Addresses: false
2021-06-09 22:52:30  [ main:1907 ] - [ DEBUG ]  Loopback interface: lo (Software Loopback Interface 1, 127.0.0.1)
2021-06-09 22:52:30  [ main:1908 ] - [ DEBUG ]  Failed to get SOMAXCONN from sysctl and file \proc\sys\net\core\somaxconn. Default: 200
2021-06-09 22:52:30  [ main:1956 ] - [ DEBUG ]  -Dio.netty.machineId: 00:50:56:ff:fe:c0:00:08 (auto-detected)
2021-06-09 22:52:30  [ main:1962 ] - [ DEBUG ]  -Dio.netty.threadLocalMap.stringBuilder.initialSize: 1024
2021-06-09 22:52:30  [ main:1963 ] - [ DEBUG ]  -Dio.netty.threadLocalMap.stringBuilder.maxSize: 4096
2021-06-09 22:52:30  [ main:1977 ] - [ DEBUG ]  -Dio.netty.leakDetection.level: simple
2021-06-09 22:52:30  [ main:1977 ] - [ DEBUG ]  -Dio.netty.leakDetection.targetRecords: 4
2021-06-09 22:52:30  [ main:2005 ] - [ DEBUG ]  -Dio.netty.allocator.numHeapArenas: 16
2021-06-09 22:52:30  [ main:2005 ] - [ DEBUG ]  -Dio.netty.allocator.numDirectArenas: 16
2021-06-09 22:52:30  [ main:2005 ] - [ DEBUG ]  -Dio.netty.allocator.pageSize: 8192
2021-06-09 22:52:30  [ main:2005 ] - [ DEBUG ]  -Dio.netty.allocator.maxOrder: 11
2021-06-09 22:52:30  [ main:2006 ] - [ DEBUG ]  -Dio.netty.allocator.chunkSize: 16777216
2021-06-09 22:52:30  [ main:2006 ] - [ DEBUG ]  -Dio.netty.allocator.tinyCacheSize: 512
2021-06-09 22:52:30  [ main:2006 ] - [ DEBUG ]  -Dio.netty.allocator.smallCacheSize: 256
2021-06-09 22:52:30  [ main:2006 ] - [ DEBUG ]  -Dio.netty.allocator.normalCacheSize: 64
2021-06-09 22:52:30  [ main:2006 ] - [ DEBUG ]  -Dio.netty.allocator.maxCachedBufferCapacity: 32768
2021-06-09 22:52:30  [ main:2006 ] - [ DEBUG ]  -Dio.netty.allocator.cacheTrimInterval: 8192
2021-06-09 22:52:30  [ main:2006 ] - [ DEBUG ]  -Dio.netty.allocator.useCacheForAllThreads: true
2021-06-09 22:52:30  [ main:2015 ] - [ DEBUG ]  -Dio.netty.allocator.type: pooled
2021-06-09 22:52:30  [ main:2015 ] - [ DEBUG ]  -Dio.netty.threadLocalDirectBufferSize: 65536
2021-06-09 22:52:30  [ main:2015 ] - [ DEBUG ]  -Dio.netty.maxThreadLocalCharBufferSize: 16384
2021-06-09 22:52:34  [ nioEventLoopGroup-3-10:3056445 ] - [ INFO ]  接收到报文Head:[P2P:0 Type:1 State:0 UnCode:-1 Length:0]
2021-06-09 22:52:34  [ nioEventLoopGroup-3-10:3056447 ] - [ INFO ]  接收到报文Head:[P2P:0 Type:2 State:0 UnCode:-1 Length:128]
2021-06-09 22:52:35  [ nioEventLoopGroup-3-10:3057778 ] - [ INFO ]  接收到报文Head:[P2P:0 Type:4 State:0 UnCode:-1 Length:0]
2021-06-09 22:52:35  [ nioEventLoopGroup-3-10:3057779 ] - [ INFO ]  客户端取消注册
2021-06-09 22:52:36  [ nioEventLoopGroup-3-11:3058978 ] - [ INFO ]  接收到报文Head:[P2P:0 Type:0 State:0 UnCode:-1 Length:33]
2021-06-09 22:52:36  [ nioEventLoopGroup-3-11:3058979 ] - [ INFO ]  用户lzh开始进行验证
2021-06-09 22:52:37  [ nioEventLoopGroup-3-11:3059338 ] - [ INFO ]  用户lzh验证成功
2021-06-09 22:52:37  [ nioEventLoopGroup-3-1:9194 ] - [ DEBUG ]  -Dio.netty.recycler.maxCapacityPerThread: 32768
2021-06-09 22:52:37  [ nioEventLoopGroup-3-1:9196 ] - [ DEBUG ]  -Dio.netty.recycler.maxSharedCapacityFactor: 2
2021-06-09 22:52:37  [ nioEventLoopGroup-3-1:9196 ] - [ DEBUG ]  -Dio.netty.recycler.linkCapacity: 16
2021-06-09 22:52:37  [ nioEventLoopGroup-3-1:9196 ] - [ DEBUG ]  -Dio.netty.recycler.ratio: 8
2021-06-09 22:52:37  [ nioEventLoopGroup-3-1:9204 ] - [ DEBUG ]  -Dio.netty.buffer.bytebuf.checkAccessible: true
2021-06-09 22:52:37  [ nioEventLoopGroup-3-1:9205 ] - [ DEBUG ]  Loaded default ResourceLeakDetector: io.netty.util.ResourceLeakDetector@5b28baf7
2021-06-09 22:52:37  [ nioEventLoopGroup-3-1:9211 ] - [ INFO ]  接收到报文Head:[P2P:2 Type:0 State:0 UnCode:-1 Length:113]
2021-06-09 22:52:37  [ nioEventLoopGroup-3-1:9234 ] - [ INFO ]  用户lzh开始进行验证
2021-06-09 22:52:37  [ nioEventLoopGroup-3-1:9235 ] - [ INFO ]  用户lzh验证成功
2021-06-09 22:59:49  [ nioEventLoopGroup-3-12:3491322 ] - [ INFO ]  接收到报文Head:[P2P:0 Type:0 State:0 UnCode:-1 Length:33]
2021-06-09 22:59:49  [ nioEventLoopGroup-3-12:3491323 ] - [ INFO ]  用户lzh开始进行验证
2021-06-09 22:59:49  [ nioEventLoopGroup-3-12:3491828 ] - [ INFO ]  用户lzh验证成功
2021-06-09 22:59:49  [ nioEventLoopGroup-3-2:441432 ] - [ INFO ]  接收到报文Head:[P2P:2 Type:0 State:0 UnCode:-1 Length:113]
2021-06-09 22:59:49  [ nioEventLoopGroup-3-2:441433 ] - [ INFO ]  用户lzh开始进行验证
2021-06-09 22:59:49  [ nioEventLoopGroup-3-2:441433 ] - [ INFO ]  用户lzh验证成功
2021-06-09 23:02:08  [ nioEventLoopGroup-3-13:3630784 ] - [ INFO ]  接收到报文Head:[P2P:0 Type:0 State:0 UnCode:-1 Length:33]
2021-06-09 23:02:08  [ nioEventLoopGroup-3-13:3630784 ] - [ INFO ]  用户lzh开始进行验证
2021-06-09 23:02:09  [ nioEventLoopGroup-3-13:3631213 ] - [ INFO ]  用户lzh验证成功
2021-06-09 23:02:09  [ nioEventLoopGroup-3-3:580807 ] - [ INFO ]  接收到报文Head:[P2P:2 Type:0 State:0 UnCode:-1 Length:113]
2021-06-09 23:02:09  [ nioEventLoopGroup-3-3:580808 ] - [ INFO ]  用户lzh开始进行验证
2021-06-09 23:02:09  [ nioEventLoopGroup-3-3:580809 ] - [ INFO ]  用户lzh验证成功
2021-06-09 23:23:10  [ nioEventLoopGroup-3-14:4892227 ] - [ INFO ]  接收到报文Head:[P2P:0 Type:1 State:0 UnCode:-1 Length:0]
2021-06-09 23:23:10  [ nioEventLoopGroup-3-14:4892358 ] - [ INFO ]  接收到报文Head:[P2P:0 Type:2 State:0 UnCode:-1 Length:129]
2021-06-09 23:24:11  [ nioEventLoopGroup-3-14:4953169 ] - [ INFO ]  接收到报文Head:[P2P:0 Type:4 State:0 UnCode:-1 Length:0]
2021-06-09 23:24:11  [ nioEventLoopGroup-3-14:4953169 ] - [ INFO ]  客户端取消注册
2021-06-09 23:24:15  [ nioEventLoopGroup-3-15:4957502 ] - [ INFO ]  接收到报文Head:[P2P:0 Type:0 State:0 UnCode:-1 Length:33]
2021-06-09 23:24:15  [ nioEventLoopGroup-3-15:4957502 ] - [ INFO ]  用户lzh开始进行验证
2021-06-09 23:24:16  [ nioEventLoopGroup-3-15:4958043 ] - [ INFO ]  用户lzh验证成功
2021-06-09 23:24:16  [ nioEventLoopGroup-3-4:1907688 ] - [ INFO ]  接收到报文Head:[P2P:2 Type:0 State:0 UnCode:-1 Length:113]
2021-06-09 23:24:16  [ nioEventLoopGroup-3-4:1907688 ] - [ INFO ]  用户lzh开始进行验证
2021-06-09 23:24:16  [ nioEventLoopGroup-3-4:1907689 ] - [ INFO ]  用户lzh验证成功
2021-06-09 23:49:08  [ nioEventLoopGroup-3-16:6450231 ] - [ INFO ]  接收到报文Head:[P2P:0 Type:1 State:0 UnCode:-1 Length:0]
2021-06-09 23:49:08  [ nioEventLoopGroup-3-16:6450362 ] - [ INFO ]  接收到报文Head:[P2P:0 Type:2 State:0 UnCode:-1 Length:129]
2021-06-09 23:49:31  [ nioEventLoopGroup-3-16:6473537 ] - [ INFO ]  接收到报文Head:[P2P:0 Type:4 State:0 UnCode:-1 Length:0]
2021-06-09 23:49:31  [ nioEventLoopGroup-3-16:6473537 ] - [ INFO ]  客户端取消注册
2021-06-09 23:57:33  [ nioEventLoopGroup-3-1:6955353 ] - [ INFO ]  接收到报文Head:[P2P:0 Type:1 State:0 UnCode:-1 Length:0]
2021-06-09 23:57:33  [ nioEventLoopGroup-3-1:6955477 ] - [ INFO ]  接收到报文Head:[P2P:0 Type:2 State:0 UnCode:-1 Length:128]
2021-06-09 23:57:39  [ nioEventLoopGroup-3-1:6961609 ] - [ INFO ]  接收到报文Head:[P2P:0 Type:4 State:0 UnCode:-1 Length:0]
2021-06-09 23:57:39  [ nioEventLoopGroup-3-1:6961609 ] - [ INFO ]  客户端取消注册
2021-06-09 23:57:45  [ nioEventLoopGroup-3-2:6967973 ] - [ INFO ]  接收到报文Head:[P2P:0 Type:0 State:0 UnCode:-1 Length:33]
2021-06-09 23:57:45  [ nioEventLoopGroup-3-2:6967974 ] - [ INFO ]  用户lzh开始进行验证
2021-06-09 23:57:47  [ nioEventLoopGroup-3-2:6969579 ] - [ INFO ]  用户lzh验证成功
2021-06-09 23:57:47  [ nioEventLoopGroup-3-5:3919218 ] - [ INFO ]  接收到报文Head:[P2P:2 Type:0 State:0 UnCode:-1 Length:113]
2021-06-09 23:57:47  [ nioEventLoopGroup-3-5:3919219 ] - [ INFO ]  用户lzh开始进行验证
2021-06-09 23:57:47  [ nioEventLoopGroup-3-5:3919219 ] - [ INFO ]  用户lzh验证成功
